---
driver=<class 'textual.drivers.linux_driver.LinuxDriver'>
Load() >>> MyApp(title='Textual')
Mount() >>> MyApp(title='Code Viewer')
Mount() >>> DockView(name='DockView#1')
Mount() >>> Header('')
Mount() >>> ScrollView(name='ScrollView#2')
Mount() >>> ScrollView(name='ScrollView#2')
Mount() >>> ScrollView(name='ScrollView#1')
Mount() >>> ScrollView(name='ScrollView#1')
Mount() >>> WindowView(name='WindowView#2')
Mount() >>> WindowView(name='WindowView#1')
Mount() >>> DirectoryTree(name='code')
TRANSLATING layout
WindowChange(WindowView(name='WindowView#2')) >>> ScrollView(name='ScrollView#2')
WindowChange(WindowView(name='WindowView#1')) >>> ScrollView(name='ScrollView#1')
WindowChange(WindowView(name='WindowView#2')) >>> ScrollView(name='ScrollView#2')
set_focus DirectoryTree(name='code')
Focus() >>> DirectoryTree(name='code')
MouseDown(x=4, y=9, screen_y=12, button=1) >>> DirectoryTree(name='code')
TRANSLATING layout
MouseUp(x=4, y=9, screen_y=12, button=1) >>> DirectoryTree(name='code')
Click(x=4, y=9, screen_y=12, button=1) >>> DirectoryTree(name='code')
Key(key='n') >>> DirectoryTree(name='code')
Key(key='n') >>> ScrollView(name='ScrollView#2')
Key(key='n') >>> MyApp(title='Code Viewer')
Key(key='n') >>> DirectoryTree(name='code')
Key(key='n') >>> ScrollView(name='ScrollView#2')
Key(key='n') >>> MyApp(title='Code Viewer')
set_focus DirectoryTree(name='code')
MouseDown(x=10, y=8, screen_y=11, button=1) >>> DirectoryTree(name='code')
TRANSLATING layout
MouseUp(x=10, y=8, screen_y=11, button=1) >>> DirectoryTree(name='code')
Click(x=10, y=8, screen_y=11, button=1) >>> DirectoryTree(name='code')
ACTION DirectoryTree(name='code') click_label
TreeClick(node=TreeNode(id=7, label='.aspnet', data=DirEntry(path='/home/cms/.aspnet', is_dir=True))) >>> DirectoryTree(name='code')
TRANSLATING layout
TRANSLATING layout
CursorMove(DirectoryTree(name='code')) >>> ScrollView(name='ScrollView#2')
WindowChange(WindowView(name='WindowView#2')) >>> ScrollView(name='ScrollView#2')
WindowChange(WindowView(name='WindowView#2')) >>> ScrollView(name='ScrollView#2')
set_focus DirectoryTree(name='code')
MouseDown(x=10, y=8, screen_y=11, button=1) >>> DirectoryTree(name='code')
MouseUp(x=10, y=8, screen_y=11, button=1) >>> DirectoryTree(name='code')
Click(x=10, y=8, screen_y=11, button=1) >>> DirectoryTree(name='code')
ACTION DirectoryTree(name='code') click_label
TreeClick(node=TreeNode(id=7, label='.aspnet', data=DirEntry(path='/home/cms/.aspnet', is_dir=True))) >>> DirectoryTree(name='code')
TRANSLATING layout
WindowChange(WindowView(name='WindowView#2')) >>> ScrollView(name='ScrollView#2')
WindowChange(WindowView(name='WindowView#2')) >>> ScrollView(name='ScrollView#2')
Key(key='i') >>> DirectoryTree(name='code')
Key(key='i') >>> ScrollView(name='ScrollView#2')
Key(key='i') >>> MyApp(title='Code Viewer')
Key(key='ctrl+c') >>> MyApp(title='Code Viewer')
ACTION MyApp(title='Code Viewer') quit
CLOSED MyApp(title='Code Viewer')
PROCESS END
CLOSED ScrollBar(virtual_size=25, window_size=25, position=0)
CLOSED WindowView(name='WindowView#2')
CLOSED WindowView(name='WindowView#1')
CLOSED DockView(name='DockView#1')
CLOSED Static(name='Static#1')
CLOSED ScrollBar(virtual_size=47, window_size=48, position=0)
CLOSED Footer(keys=[])
CLOSED ScrollView(name='ScrollView#1')
CLOSED Header('Code Viewer')
