---
driver=<class 'textual.drivers.linux_driver.LinuxDriver'>
Load() >>> MyApp(title='Textual')
Mount() >>> MyApp(title='Code Viewer')
Mount() >>> DockView(name='DockView#1')
Mount() >>> Header('')
Mount() >>> ScrollView(name='ScrollView#2')
Mount() >>> ScrollView(name='ScrollView#2')
Mount() >>> ScrollView(name='ScrollView#1')
Mount() >>> ScrollView(name='ScrollView#1')
Mount() >>> WindowView(name='WindowView#2')
Mount() >>> WindowView(name='WindowView#1')
Mount() >>> DirectoryTree(name='code')
TRANSLATING layout
WindowChange(WindowView(name='WindowView#2')) >>> ScrollView(name='ScrollView#2')
WindowChange(WindowView(name='WindowView#1')) >>> ScrollView(name='ScrollView#1')
WindowChange(WindowView(name='WindowView#2')) >>> ScrollView(name='ScrollView#2')
view.forwarded Key(key='j')
Key(key='j') >>> MyApp(title='Code Viewer')
ACTION MyApp(title='Code Viewer') key_up
view.forwarded Key(key='j')
Key(key='j') >>> MyApp(title='Code Viewer')
ACTION MyApp(title='Code Viewer') key_up
view.forwarded Key(key='j')
Key(key='j') >>> MyApp(title='Code Viewer')
ACTION MyApp(title='Code Viewer') key_up
view.forwarded Key(key='down')
Key(key='down') >>> MyApp(title='Code Viewer')
view.forwarded Key(key='down')
Key(key='down') >>> MyApp(title='Code Viewer')
view.forwarded Key(key='down')
Key(key='down') >>> MyApp(title='Code Viewer')
view.forwarded Key(key='down')
Key(key='down') >>> MyApp(title='Code Viewer')
view.forwarded Key(key='down')
Key(key='down') >>> MyApp(title='Code Viewer')
view.forwarded Key(key='down')
Key(key='down') >>> MyApp(title='Code Viewer')
view.forwarded Key(key='up')
Key(key='up') >>> MyApp(title='Code Viewer')
view.forwarded Key(key='down')
Key(key='down') >>> MyApp(title='Code Viewer')
view.forwarded Key(key='up')
Key(key='up') >>> MyApp(title='Code Viewer')
view.forwarded Key(key='down')
Key(key='down') >>> MyApp(title='Code Viewer')
view.forwarded Key(key='up')
Key(key='up') >>> MyApp(title='Code Viewer')
view.forwarded Key(key='down')
Key(key='down') >>> MyApp(title='Code Viewer')
view.forwarded Key(key='up')
Key(key='up') >>> MyApp(title='Code Viewer')
view.forwarded Key(key='up')
Key(key='up') >>> MyApp(title='Code Viewer')
view.forwarded Key(key='down')
Key(key='down') >>> MyApp(title='Code Viewer')
view.forwarded Key(key='/')
Key(key='/') >>> MyApp(title='Code Viewer')
view.forwarded Key(key='b')
Key(key='b') >>> MyApp(title='Code Viewer')
ACTION DockView(name='DockView#1') toggle
WindowChange(WindowView(name='WindowView#1')) >>> ScrollView(name='ScrollView#1')
WindowChange(WindowView(name='WindowView#1')) >>> ScrollView(name='ScrollView#1')
WindowChange(WindowView(name='WindowView#1')) >>> ScrollView(name='ScrollView#1')
view.forwarded Key(key='b')
Key(key='b') >>> MyApp(title='Code Viewer')
ACTION DockView(name='DockView#1') toggle
WindowChange(WindowView(name='WindowView#1')) >>> ScrollView(name='ScrollView#1')
WindowChange(WindowView(name='WindowView#1')) >>> ScrollView(name='ScrollView#1')
WindowChange(WindowView(name='WindowView#2')) >>> ScrollView(name='ScrollView#2')
WindowChange(WindowView(name='WindowView#1')) >>> ScrollView(name='ScrollView#1')
WindowChange(WindowView(name='WindowView#2')) >>> ScrollView(name='ScrollView#2')
view.forwarded Key(key='b')
Key(key='b') >>> MyApp(title='Code Viewer')
ACTION DockView(name='DockView#1') toggle
WindowChange(WindowView(name='WindowView#1')) >>> ScrollView(name='ScrollView#1')
WindowChange(WindowView(name='WindowView#1')) >>> ScrollView(name='ScrollView#1')
WindowChange(WindowView(name='WindowView#1')) >>> ScrollView(name='ScrollView#1')
view.forwarded Key(key='b')
Key(key='b') >>> MyApp(title='Code Viewer')
ACTION DockView(name='DockView#1') toggle
WindowChange(WindowView(name='WindowView#1')) >>> ScrollView(name='ScrollView#1')
WindowChange(WindowView(name='WindowView#1')) >>> ScrollView(name='ScrollView#1')
WindowChange(WindowView(name='WindowView#2')) >>> ScrollView(name='ScrollView#2')
WindowChange(WindowView(name='WindowView#1')) >>> ScrollView(name='ScrollView#1')
WindowChange(WindowView(name='WindowView#2')) >>> ScrollView(name='ScrollView#2')
view.forwarded Key(key='down')
Key(key='down') >>> MyApp(title='Code Viewer')
view.forwarded Key(key='down')
Key(key='down') >>> MyApp(title='Code Viewer')
view.forwarded Key(key='enter')
Key(key='enter') >>> MyApp(title='Code Viewer')
view.forwarded Key(key='enter')
Key(key='enter') >>> MyApp(title='Code Viewer')
view.forwarded Key(key='enter')
Key(key='enter') >>> MyApp(title='Code Viewer')
view.forwarded Key(key='enter')
Key(key='enter') >>> MyApp(title='Code Viewer')
view.forwarded Key(key='enter')
Key(key='enter') >>> MyApp(title='Code Viewer')
view.forwarded Key(key='down')
Key(key='down') >>> MyApp(title='Code Viewer')
view.forwarded Key(key='up')
Key(key='up') >>> MyApp(title='Code Viewer')
view.forwarded Key(key='down')
Key(key='down') >>> MyApp(title='Code Viewer')
view.forwarded Key(key='down')
Key(key='down') >>> MyApp(title='Code Viewer')
view.forwarded Key(key='down')
Key(key='down') >>> MyApp(title='Code Viewer')
view.forwarded Key(key='down')
Key(key='down') >>> MyApp(title='Code Viewer')
TRANSLATING layout
TRANSLATING layout
TRANSLATING layout
TRANSLATING layout
set_focus DirectoryTree(name='code')
Focus() >>> DirectoryTree(name='code')
MouseDown(x=10, y=13, screen_y=16, button=1) >>> DirectoryTree(name='code')
WindowChange(WindowView(name='WindowView#2')) >>> ScrollView(name='ScrollView#2')
MouseUp(x=10, y=13, screen_y=16, button=1) >>> DirectoryTree(name='code')
Click(x=10, y=13, screen_y=16, button=1) >>> DirectoryTree(name='code')
ACTION DirectoryTree(name='code') click_label
TreeClick(node=TreeNode(id=12, label='高级开发', data=DirEntry(path='/home/cms/.Project/Python/高级开发', is_dir=True))) >>> DirectoryTree(name='code')
TRANSLATING layout
TRANSLATING layout
CursorMove(DirectoryTree(name='code')) >>> ScrollView(name='ScrollView#2')
WindowChange(WindowView(name='WindowView#2')) >>> ScrollView(name='ScrollView#2')
WindowChange(WindowView(name='WindowView#2')) >>> ScrollView(name='ScrollView#2')
Key(key='up') >>> DirectoryTree(name='code')
TRANSLATING layout
CursorMove(DirectoryTree(name='code')) >>> ScrollView(name='ScrollView#2')
Key(key='up') >>> DirectoryTree(name='code')
TRANSLATING layout
CursorMove(DirectoryTree(name='code')) >>> ScrollView(name='ScrollView#2')
Key(key='up') >>> DirectoryTree(name='code')
TRANSLATING layout
CursorMove(DirectoryTree(name='code')) >>> ScrollView(name='ScrollView#2')
Key(key='down') >>> DirectoryTree(name='code')
TRANSLATING layout
CursorMove(DirectoryTree(name='code')) >>> ScrollView(name='ScrollView#2')
Key(key='down') >>> DirectoryTree(name='code')
TRANSLATING layout
CursorMove(DirectoryTree(name='code')) >>> ScrollView(name='ScrollView#2')
Key(key='enter') >>> DirectoryTree(name='code')
TreeClick(node=TreeNode(id=12, label='高级开发', data=DirEntry(path='/home/cms/.Project/Python/高级开发', is_dir=True))) >>> DirectoryTree(name='code')
TRANSLATING layout
WindowChange(WindowView(name='WindowView#2')) >>> ScrollView(name='ScrollView#2')
WindowChange(WindowView(name='WindowView#2')) >>> ScrollView(name='ScrollView#2')
Key(key='up') >>> DirectoryTree(name='code')
TRANSLATING layout
CursorMove(DirectoryTree(name='code')) >>> ScrollView(name='ScrollView#2')
Key(key='up') >>> DirectoryTree(name='code')
TRANSLATING layout
CursorMove(DirectoryTree(name='code')) >>> ScrollView(name='ScrollView#2')
Key(key='up') >>> DirectoryTree(name='code')
TRANSLATING layout
CursorMove(DirectoryTree(name='code')) >>> ScrollView(name='ScrollView#2')
Key(key='up') >>> DirectoryTree(name='code')
TRANSLATING layout
CursorMove(DirectoryTree(name='code')) >>> ScrollView(name='ScrollView#2')
Key(key='enter') >>> DirectoryTree(name='code')
TreeClick(node=TreeNode(id=8, label='own', data=DirEntry(path='/home/cms/.Project/Python/own', is_dir=True))) >>> DirectoryTree(name='code')
TRANSLATING layout
WindowChange(WindowView(name='WindowView#2')) >>> ScrollView(name='ScrollView#2')
Key(key='down') >>> DirectoryTree(name='code')
TRANSLATING layout
CursorMove(DirectoryTree(name='code')) >>> ScrollView(name='ScrollView#2')
Key(key='down') >>> DirectoryTree(name='code')
TRANSLATING layout
CursorMove(DirectoryTree(name='code')) >>> ScrollView(name='ScrollView#2')
Key(key='down') >>> DirectoryTree(name='code')
TRANSLATING layout
CursorMove(DirectoryTree(name='code')) >>> ScrollView(name='ScrollView#2')
Key(key='down') >>> DirectoryTree(name='code')
TRANSLATING layout
CursorMove(DirectoryTree(name='code')) >>> ScrollView(name='ScrollView#2')
Key(key='down') >>> DirectoryTree(name='code')
TRANSLATING layout
CursorMove(DirectoryTree(name='code')) >>> ScrollView(name='ScrollView#2')
Key(key='down') >>> DirectoryTree(name='code')
TRANSLATING layout
CursorMove(DirectoryTree(name='code')) >>> ScrollView(name='ScrollView#2')
Key(key='down') >>> DirectoryTree(name='code')
TRANSLATING layout
CursorMove(DirectoryTree(name='code')) >>> ScrollView(name='ScrollView#2')
Key(key='down') >>> DirectoryTree(name='code')
TRANSLATING layout
CursorMove(DirectoryTree(name='code')) >>> ScrollView(name='ScrollView#2')
Key(key='down') >>> DirectoryTree(name='code')
TRANSLATING layout
CursorMove(DirectoryTree(name='code')) >>> ScrollView(name='ScrollView#2')
Key(key='down') >>> DirectoryTree(name='code')
TRANSLATING layout
CursorMove(DirectoryTree(name='code')) >>> ScrollView(name='ScrollView#2')
Key(key='enter') >>> DirectoryTree(name='code')
TreeClick(node=TreeNode(id=39, label='main.py', data=DirEntry(path='/home/cms/.Project/Python/own/main.py', is_dir=False))) >>> DirectoryTree(name='code')
FileClick(DirectoryTree(name='code')) >>> MyApp(title='Code Viewer')
WindowChange(WindowView(name='WindowView#1')) >>> ScrollView(name='ScrollView#1')
WindowChange(WindowView(name='WindowView#1')) >>> ScrollView(name='ScrollView#1')
TRANSLATING layout
WindowChange(WindowView(name='WindowView#1')) >>> ScrollView(name='ScrollView#1')
Key(key='enter') >>> DirectoryTree(name='code')
TreeClick(node=TreeNode(id=39, label='main.py', data=DirEntry(path='/home/cms/.Project/Python/own/main.py', is_dir=False))) >>> DirectoryTree(name='code')
FileClick(DirectoryTree(name='code')) >>> MyApp(title='Code Viewer')
WindowChange(WindowView(name='WindowView#1')) >>> ScrollView(name='ScrollView#1')
WindowChange(WindowView(name='WindowView#1')) >>> ScrollView(name='ScrollView#1')
Key(key='right') >>> DirectoryTree(name='code')
Key(key='right') >>> ScrollView(name='ScrollView#2')
Key(key='right') >>> MyApp(title='Code Viewer')
Key(key='right') >>> DirectoryTree(name='code')
Key(key='right') >>> ScrollView(name='ScrollView#2')
Key(key='right') >>> MyApp(title='Code Viewer')
Key(key='down') >>> DirectoryTree(name='code')
TRANSLATING layout
CursorMove(DirectoryTree(name='code')) >>> ScrollView(name='ScrollView#2')
Key(key='right') >>> DirectoryTree(name='code')
Key(key='right') >>> ScrollView(name='ScrollView#2')
Key(key='right') >>> MyApp(title='Code Viewer')
Key(key='right') >>> DirectoryTree(name='code')
Key(key='right') >>> ScrollView(name='ScrollView#2')
Key(key='right') >>> MyApp(title='Code Viewer')
Key(key='ctrl+l') >>> DirectoryTree(name='code')
Key(key='ctrl+l') >>> ScrollView(name='ScrollView#2')
Key(key='ctrl+l') >>> MyApp(title='Code Viewer')
Key(key='down') >>> DirectoryTree(name='code')
TRANSLATING layout
CursorMove(DirectoryTree(name='code')) >>> ScrollView(name='ScrollView#2')
Key(key='down') >>> DirectoryTree(name='code')
TRANSLATING layout
CursorMove(DirectoryTree(name='code')) >>> ScrollView(name='ScrollView#2')
Key(key='up') >>> DirectoryTree(name='code')
TRANSLATING layout
CursorMove(DirectoryTree(name='code')) >>> ScrollView(name='ScrollView#2')
Key(key='up') >>> DirectoryTree(name='code')
TRANSLATING layout
CursorMove(DirectoryTree(name='code')) >>> ScrollView(name='ScrollView#2')
Key(key='up') >>> DirectoryTree(name='code')
TRANSLATING layout
CursorMove(DirectoryTree(name='code')) >>> ScrollView(name='ScrollView#2')
Key(key='up') >>> DirectoryTree(name='code')
TRANSLATING layout
CursorMove(DirectoryTree(name='code')) >>> ScrollView(name='ScrollView#2')
Key(key='up') >>> DirectoryTree(name='code')
TRANSLATING layout
CursorMove(DirectoryTree(name='code')) >>> ScrollView(name='ScrollView#2')
Key(key='up') >>> DirectoryTree(name='code')
TRANSLATING layout
CursorMove(DirectoryTree(name='code')) >>> ScrollView(name='ScrollView#2')
Key(key='up') >>> DirectoryTree(name='code')
TRANSLATING layout
CursorMove(DirectoryTree(name='code')) >>> ScrollView(name='ScrollView#2')
Key(key='up') >>> DirectoryTree(name='code')
TRANSLATING layout
CursorMove(DirectoryTree(name='code')) >>> ScrollView(name='ScrollView#2')
Key(key='up') >>> DirectoryTree(name='code')
TRANSLATING layout
CursorMove(DirectoryTree(name='code')) >>> ScrollView(name='ScrollView#2')
Key(key='up') >>> DirectoryTree(name='code')
TRANSLATING layout
CursorMove(DirectoryTree(name='code')) >>> ScrollView(name='ScrollView#2')
Key(key='ctrl+right') >>> DirectoryTree(name='code')
Key(key='ctrl+right') >>> ScrollView(name='ScrollView#2')
Key(key='ctrl+right') >>> MyApp(title='Code Viewer')
Key(key='b') >>> DirectoryTree(name='code')
Key(key='b') >>> ScrollView(name='ScrollView#2')
Key(key='b') >>> MyApp(title='Code Viewer')
ACTION DockView(name='DockView#1') toggle
WindowChange(WindowView(name='WindowView#1')) >>> ScrollView(name='ScrollView#1')
WindowChange(WindowView(name='WindowView#1')) >>> ScrollView(name='ScrollView#1')
WindowChange(WindowView(name='WindowView#1')) >>> ScrollView(name='ScrollView#1')
Key(key='right') >>> DirectoryTree(name='code')
Key(key='right') >>> ScrollView(name='ScrollView#2')
Key(key='right') >>> MyApp(title='Code Viewer')
Key(key='down') >>> DirectoryTree(name='code')
TRANSLATING layout
CursorMove(DirectoryTree(name='code')) >>> ScrollView(name='ScrollView#2')
Key(key='down') >>> DirectoryTree(name='code')
TRANSLATING layout
CursorMove(DirectoryTree(name='code')) >>> ScrollView(name='ScrollView#2')
Key(key='down') >>> DirectoryTree(name='code')
TRANSLATING layout
CursorMove(DirectoryTree(name='code')) >>> ScrollView(name='ScrollView#2')
Key(key='down') >>> DirectoryTree(name='code')
TRANSLATING layout
CursorMove(DirectoryTree(name='code')) >>> ScrollView(name='ScrollView#2')
Key(key='down') >>> DirectoryTree(name='code')
TRANSLATING layout
CursorMove(DirectoryTree(name='code')) >>> ScrollView(name='ScrollView#2')
Key(key='down') >>> DirectoryTree(name='code')
TRANSLATING layout
CursorMove(DirectoryTree(name='code')) >>> ScrollView(name='ScrollView#2')
Key(key='down') >>> DirectoryTree(name='code')
TRANSLATING layout
CursorMove(DirectoryTree(name='code')) >>> ScrollView(name='ScrollView#2')
Key(key='down') >>> DirectoryTree(name='code')
TRANSLATING layout
CursorMove(DirectoryTree(name='code')) >>> ScrollView(name='ScrollView#2')
Key(key='down') >>> DirectoryTree(name='code')
TRANSLATING layout
CursorMove(DirectoryTree(name='code')) >>> ScrollView(name='ScrollView#2')
set_focus Static(name='Static#3')
Blur() >>> DirectoryTree(name='code')
MouseDown(x=25, y=14, screen_y=17, button=1) >>> Static(name='Static#3')
WindowChange(WindowView(name='WindowView#2')) >>> ScrollView(name='ScrollView#2')
MouseUp(x=25, y=14, screen_y=17, button=1) >>> Static(name='Static#3')
Click(x=25, y=14, screen_y=17, button=1) >>> Static(name='Static#3')
MouseScrollUp() >>> ScrollView(name='ScrollView#1')
MouseScrollUp() >>> ScrollView(name='ScrollView#1')
MouseScrollUp() >>> ScrollView(name='ScrollView#1')
MouseScrollUp() >>> ScrollView(name='ScrollView#1')
MouseScrollUp() >>> ScrollView(name='ScrollView#1')
MouseScrollUp() >>> ScrollView(name='ScrollView#1')
MouseScrollUp() >>> ScrollView(name='ScrollView#1')
MouseScrollUp() >>> ScrollView(name='ScrollView#1')
MouseScrollUp() >>> ScrollView(name='ScrollView#1')
MouseScrollUp() >>> ScrollView(name='ScrollView#1')
MouseScrollUp() >>> ScrollView(name='ScrollView#1')
MouseScrollUp() >>> ScrollView(name='ScrollView#1')
MouseScrollUp() >>> ScrollView(name='ScrollView#1')
MouseScrollUp() >>> ScrollView(name='ScrollView#1')
MouseScrollUp() >>> ScrollView(name='ScrollView#1')
MouseScrollUp() >>> ScrollView(name='ScrollView#1')
MouseScrollUp() >>> ScrollView(name='ScrollView#1')
MouseScrollUp() >>> ScrollView(name='ScrollView#1')
MouseScrollUp() >>> ScrollView(name='ScrollView#1')
MouseScrollUp() >>> ScrollView(name='ScrollView#1')
MouseScrollUp() >>> ScrollView(name='ScrollView#1')
MouseScrollUp() >>> ScrollView(name='ScrollView#1')
MouseScrollUp() >>> ScrollView(name='ScrollView#1')
MouseScrollUp() >>> ScrollView(name='ScrollView#1')
MouseScrollUp() >>> ScrollView(name='ScrollView#1')
MouseScrollUp() >>> ScrollView(name='ScrollView#1')
MouseScrollUp() >>> ScrollView(name='ScrollView#1')
MouseScrollUp() >>> ScrollView(name='ScrollView#1')
MouseScrollUp() >>> ScrollView(name='ScrollView#1')
MouseScrollUp() >>> ScrollView(name='ScrollView#1')
MouseScrollUp() >>> ScrollView(name='ScrollView#1')
MouseScrollUp() >>> ScrollView(name='ScrollView#1')
MouseScrollUp() >>> ScrollView(name='ScrollView#1')
MouseScrollUp() >>> ScrollView(name='ScrollView#1')
MouseScrollUp() >>> ScrollView(name='ScrollView#1')
MouseScrollUp() >>> ScrollView(name='ScrollView#1')
MouseScrollUp() >>> ScrollView(name='ScrollView#1')
MouseScrollUp() >>> ScrollView(name='ScrollView#1')
MouseScrollUp() >>> ScrollView(name='ScrollView#1')
MouseScrollUp() >>> ScrollView(name='ScrollView#1')
MouseScrollUp() >>> ScrollView(name='ScrollView#1')
MouseScrollUp() >>> ScrollView(name='ScrollView#1')
MouseScrollUp() >>> ScrollView(name='ScrollView#1')
MouseScrollUp() >>> ScrollView(name='ScrollView#1')
MouseScrollUp() >>> ScrollView(name='ScrollView#1')
MouseScrollUp() >>> ScrollView(name='ScrollView#1')
MouseScrollUp() >>> ScrollView(name='ScrollView#1')
MouseScrollUp() >>> ScrollView(name='ScrollView#1')
MouseScrollUp() >>> ScrollView(name='ScrollView#1')
MouseScrollUp() >>> ScrollView(name='ScrollView#1')
MouseScrollUp() >>> ScrollView(name='ScrollView#1')
MouseScrollUp() >>> ScrollView(name='ScrollView#1')
MouseScrollUp() >>> ScrollView(name='ScrollView#1')
MouseScrollUp() >>> ScrollView(name='ScrollView#1')
MouseScrollUp() >>> ScrollView(name='ScrollView#1')
MouseScrollUp() >>> ScrollView(name='ScrollView#1')
MouseScrollUp() >>> ScrollView(name='ScrollView#1')
MouseScrollUp() >>> ScrollView(name='ScrollView#1')
MouseScrollUp() >>> ScrollView(name='ScrollView#1')
MouseScrollUp() >>> ScrollView(name='ScrollView#1')
MouseScrollUp() >>> ScrollView(name='ScrollView#1')
MouseScrollUp() >>> ScrollView(name='ScrollView#1')
MouseScrollUp() >>> ScrollView(name='ScrollView#1')
MouseScrollUp() >>> ScrollView(name='ScrollView#1')
MouseScrollUp() >>> ScrollView(name='ScrollView#1')
MouseScrollUp() >>> ScrollView(name='ScrollView#1')
MouseScrollUp() >>> ScrollView(name='ScrollView#1')
MouseScrollUp() >>> ScrollView(name='ScrollView#1')
Key(key='q') >>> ScrollView(name='ScrollView#1')
Key(key='q') >>> MyApp(title='Code Viewer')
ACTION MyApp(title='Code Viewer') quit
CLOSED MyApp(title='Code Viewer')
PROCESS END
CLOSED ScrollBar(virtual_size=116, window_size=117, position=0)
CLOSED ScrollBar(virtual_size=29, window_size=29, position=0)
CLOSED Static(name='Static#3')
CLOSED ScrollView(name='ScrollView#1')
CLOSED WindowView(name='WindowView#2')
CLOSED DockView(name='DockView#1')
CLOSED WindowView(name='WindowView#1')
CLOSED ScrollBar(virtual_size=176, window_size=29, position=0)
CLOSED ScrollBar(virtual_size=48, window_size=48, position=0)
CLOSED Static(name='Static#1')
CLOSED Static(name='Static#2')
CLOSED Footer(keys=[])
CLOSED Header('Code Viewer')
